{
"C:\\Users\\User1\\Desktop\\threeCodersInABoat\\data\\data.js":{"path":"C:\\Users\\User1\\Desktop\\threeCodersInABoat\\data\\data.js","s":{"1":1,"2":1,"3":1,"4":10,"5":1},"b":{},"f":{},"fnMap":{},"statementMap":{"1":{"start":{"line":1,"column":0},"end":{"line":1,"column":42}},"2":{"start":{"line":2,"column":0},"end":{"line":2,"column":40}},"3":{"start":{"line":4,"column":0},"end":{"line":9,"column":2}},"4":{"start":{"line":5,"column":4},"end":{"line":8,"column":7}},"5":{"start":{"line":11,"column":0},"end":{"line":11,"column":26}}},"branchMap":{},"l":{"1":1,"2":1,"4":1,"5":10,"11":1}},
"C:\\Users\\User1\\Desktop\\threeCodersInABoat\\data\\index.js":{"path":"C:\\Users\\User1\\Desktop\\threeCodersInABoat\\data\\index.js","s":{"1":1},"b":{},"f":{},"fnMap":{},"statementMap":{"1":{"start":{"line":1,"column":0},"end":{"line":1,"column":35}}},"branchMap":{},"l":{"1":1}},
"C:\\Users\\User1\\Desktop\\threeCodersInABoat\\data\\news.data.js":{"path":"C:\\Users\\User1\\Desktop\\threeCodersInABoat\\data\\news.data.js","s":{"1":1,"2":1,"3":13,"4":3,"5":2,"6":1,"7":1},"b":{},"f":{"1":13,"2":3,"3":2,"4":1},"fnMap":{"1":{"name":"(anonymous_1)","line":5,"loc":{"start":{"line":5,"column":15},"end":{"line":5,"column":20}}},"2":{"name":"(anonymous_2)","line":9,"loc":{"start":{"line":9,"column":10},"end":{"line":9,"column":18}}},"3":{"name":"(anonymous_3)","line":17,"loc":{"start":{"line":17,"column":10},"end":{"line":17,"column":19}}},"4":{"name":"(anonymous_4)","line":22,"loc":{"start":{"line":22,"column":16},"end":{"line":22,"column":26}}}},"statementMap":{"1":{"start":{"line":1,"column":0},"end":{"line":1,"column":45}},"2":{"start":{"line":2,"column":0},"end":{"line":2,"column":39}},"3":{"start":{"line":6,"column":8},"end":{"line":6,"column":24}},"4":{"start":{"line":10,"column":8},"end":{"line":14,"column":23}},"5":{"start":{"line":18,"column":8},"end":{"line":19,"column":66}},"6":{"start":{"line":23,"column":8},"end":{"line":23,"column":45}},"7":{"start":{"line":27,"column":0},"end":{"line":27,"column":26}}},"branchMap":{},"l":{"1":1,"2":1,"6":13,"10":3,"18":2,"23":1,"27":1}},
"C:\\Users\\User1\\Desktop\\threeCodersInABoat\\data\\users.data.js":{"path":"C:\\Users\\User1\\Desktop\\threeCodersInABoat\\data\\users.data.js","s":{"1":1,"2":1,"3":1,"4":1,"5":1,"6":18,"7":3,"8":3,"9":1,"10":1,"11":2,"12":2,"13":1,"14":1,"15":1,"16":1,"17":1,"18":2,"19":2,"20":1,"21":1,"22":4,"23":4,"24":1,"25":1,"26":3,"27":1,"28":2,"29":1},"b":{"1":[1,2],"2":[1,1],"3":[1,1],"4":[1,3],"5":[4,2],"6":[1,2]},"f":{"1":18,"2":3,"3":2,"4":4},"fnMap":{"1":{"name":"(anonymous_1)","line":9,"loc":{"start":{"line":9,"column":15},"end":{"line":9,"column":20}}},"2":{"name":"(anonymous_2)","line":13,"loc":{"start":{"line":13,"column":12},"end":{"line":13,"column":24}}},"3":{"name":"(anonymous_3)","line":41,"loc":{"start":{"line":41,"column":17},"end":{"line":41,"column":38}}},"4":{"name":"(anonymous_4)","line":53,"loc":{"start":{"line":53,"column":14},"end":{"line":53,"column":26}}}},"statementMap":{"1":{"start":{"line":1,"column":0},"end":{"line":1,"column":45}},"2":{"start":{"line":2,"column":0},"end":{"line":2,"column":39}},"3":{"start":{"line":3,"column":0},"end":{"line":3,"column":47}},"4":{"start":{"line":4,"column":0},"end":{"line":4,"column":25}},"5":{"start":{"line":5,"column":0},"end":{"line":5,"column":52}},"6":{"start":{"line":10,"column":8},"end":{"line":10,"column":24}},"7":{"start":{"line":14,"column":8},"end":{"line":38,"column":15}},"8":{"start":{"line":16,"column":16},"end":{"line":19,"column":17}},"9":{"start":{"line":17,"column":20},"end":{"line":17,"column":70}},"10":{"start":{"line":18,"column":20},"end":{"line":18,"column":30}},"11":{"start":{"line":20,"column":17},"end":{"line":20,"column":61}},"12":{"start":{"line":23,"column":16},"end":{"line":26,"column":17}},"13":{"start":{"line":24,"column":19},"end":{"line":24,"column":74}},"14":{"start":{"line":25,"column":20},"end":{"line":25,"column":30}},"15":{"start":{"line":27,"column":16},"end":{"line":27,"column":54}},"16":{"start":{"line":30,"column":16},"end":{"line":36,"column":18}},"17":{"start":{"line":37,"column":16},"end":{"line":37,"column":42}},"18":{"start":{"line":42,"column":7},"end":{"line":50,"column":15}},"19":{"start":{"line":46,"column":16},"end":{"line":48,"column":17}},"20":{"start":{"line":47,"column":20},"end":{"line":47,"column":56}},"21":{"start":{"line":49,"column":16},"end":{"line":49,"column":28}},"22":{"start":{"line":54,"column":9},"end":{"line":68,"column":15}},"23":{"start":{"line":56,"column":16},"end":{"line":59,"column":17}},"24":{"start":{"line":57,"column":24},"end":{"line":57,"column":78}},"25":{"start":{"line":58,"column":24},"end":{"line":58,"column":34}},"26":{"start":{"line":60,"column":16},"end":{"line":65,"column":17}},"27":{"start":{"line":61,"column":20},"end":{"line":64,"column":31}},"28":{"start":{"line":66,"column":16},"end":{"line":67,"column":55}},"29":{"start":{"line":72,"column":0},"end":{"line":72,"column":27}}},"branchMap":{"1":{"line":16,"type":"if","locations":[{"start":{"line":16,"column":16},"end":{"line":16,"column":16}},{"start":{"line":16,"column":16},"end":{"line":16,"column":16}}]},"2":{"line":23,"type":"if","locations":[{"start":{"line":23,"column":16},"end":{"line":23,"column":16}},{"start":{"line":23,"column":16},"end":{"line":23,"column":16}}]},"3":{"line":46,"type":"if","locations":[{"start":{"line":46,"column":16},"end":{"line":46,"column":16}},{"start":{"line":46,"column":16},"end":{"line":46,"column":16}}]},"4":{"line":56,"type":"if","locations":[{"start":{"line":56,"column":16},"end":{"line":56,"column":16}},{"start":{"line":56,"column":16},"end":{"line":56,"column":16}}]},"5":{"line":56,"type":"binary-expr","locations":[{"start":{"line":56,"column":20},"end":{"line":56,"column":32}},{"start":{"line":56,"column":36},"end":{"line":56,"column":77}}]},"6":{"line":60,"type":"if","locations":[{"start":{"line":60,"column":16},"end":{"line":60,"column":16}},{"start":{"line":60,"column":16},"end":{"line":60,"column":16}}]}},"l":{"1":1,"2":1,"3":1,"4":1,"5":1,"10":18,"14":3,"16":3,"17":1,"18":1,"20":2,"23":2,"24":1,"25":1,"27":1,"30":1,"37":1,"42":2,"46":2,"47":1,"49":1,"54":4,"56":4,"57":1,"58":1,"60":3,"61":1,"66":2,"72":1}},
"C:\\Users\\User1\\Desktop\\threeCodersInABoat\\data\\base\\base.data.js":{"path":"C:\\Users\\User1\\Desktop\\threeCodersInABoat\\data\\base\\base.data.js","s":{"1":37,"2":37,"3":37,"4":37,"5":1,"6":1,"7":2,"8":2,"9":14,"10":4,"11":1,"12":1,"13":37,"14":1},"b":{},"f":{"1":37,"2":1,"3":1,"4":2,"5":14,"6":4,"7":1,"8":37},"fnMap":{"1":{"name":"(anonymous_1)","line":2,"loc":{"start":{"line":2,"column":15},"end":{"line":2,"column":43}}},"2":{"name":"(anonymous_2)","line":9,"loc":{"start":{"line":9,"column":12},"end":{"line":9,"column":20}}},"3":{"name":"(anonymous_3)","line":13,"loc":{"start":{"line":13,"column":10},"end":{"line":13,"column":13}}},"4":{"name":"(anonymous_4)","line":17,"loc":{"start":{"line":17,"column":10},"end":{"line":17,"column":18}}},"5":{"name":"(anonymous_5)","line":24,"loc":{"start":{"line":24,"column":11},"end":{"line":24,"column":19}}},"6":{"name":"(anonymous_6)","line":28,"loc":{"start":{"line":28,"column":13},"end":{"line":28,"column":29}}},"7":{"name":"(anonymous_7)","line":32,"loc":{"start":{"line":32,"column":14},"end":{"line":32,"column":23}}},"8":{"name":"(anonymous_8)","line":39,"loc":{"start":{"line":39,"column":22},"end":{"line":39,"column":25}}}},"statementMap":{"1":{"start":{"line":3,"column":8},"end":{"line":3,"column":21}},"2":{"start":{"line":4,"column":8},"end":{"line":4,"column":37}},"3":{"start":{"line":5,"column":8},"end":{"line":5,"column":56}},"4":{"start":{"line":6,"column":8},"end":{"line":6,"column":66}},"5":{"start":{"line":10,"column":8},"end":{"line":10,"column":53}},"6":{"start":{"line":14,"column":8},"end":{"line":14,"column":48}},"7":{"start":{"line":18,"column":8},"end":{"line":21,"column":15}},"8":{"start":{"line":20,"column":16},"end":{"line":20,"column":29}},"9":{"start":{"line":25,"column":8},"end":{"line":25,"column":46}},"10":{"start":{"line":29,"column":8},"end":{"line":29,"column":56}},"11":{"start":{"line":33,"column":8},"end":{"line":33,"column":58}},"12":{"start":{"line":34,"column":8},"end":{"line":36,"column":23}},"13":{"start":{"line":40,"column":8},"end":{"line":40,"column":56}},"14":{"start":{"line":44,"column":0},"end":{"line":44,"column":33}}},"branchMap":{},"l":{"3":37,"4":37,"5":37,"6":37,"10":1,"14":1,"18":2,"20":2,"25":14,"29":4,"33":1,"34":1,"40":37,"44":1}},
"C:\\Users\\User1\\Desktop\\threeCodersInABoat\\app\\routers\\index.js":{"path":"C:\\Users\\User1\\Desktop\\threeCodersInABoat\\app\\routers\\index.js","s":{"1":1},"b":{},"f":{},"fnMap":{},"statementMap":{"1":{"start":{"line":1,"column":0},"end":{"line":1,"column":38}}},"branchMap":{},"l":{"1":1}},
"C:\\Users\\User1\\Desktop\\threeCodersInABoat\\app\\routers\\routers.js":{"path":"C:\\Users\\User1\\Desktop\\threeCodersInABoat\\app\\routers\\routers.js","s":{"1":1,"2":1,"3":1,"4":10,"5":60,"6":30,"7":30,"8":10,"9":0,"10":1},"b":{},"f":{},"fnMap":{},"statementMap":{"1":{"start":{"line":2,"column":0},"end":{"line":2,"column":29}},"2":{"start":{"line":3,"column":0},"end":{"line":3,"column":25}},"3":{"start":{"line":5,"column":0},"end":{"line":16,"column":2}},"4":{"start":{"line":7,"column":4},"end":{"line":12,"column":11}},"5":{"start":{"line":8,"column":26},"end":{"line":8,"column":50}},"6":{"start":{"line":10,"column":12},"end":{"line":10,"column":58}},"7":{"start":{"line":11,"column":12},"end":{"line":11,"column":52}},"8":{"start":{"line":13,"column":8},"end":{"line":15,"column":11}},"9":{"start":{"line":14,"column":12},"end":{"line":14,"column":32}},"10":{"start":{"line":18,"column":0},"end":{"line":20,"column":2}}},"branchMap":{},"l":{"2":1,"3":1,"5":1,"7":10,"8":60,"10":30,"11":30,"13":10,"14":0,"18":1}},
"C:\\Users\\User1\\Desktop\\threeCodersInABoat\\app\\routers\\general.router\\controller.js":{"path":"C:\\Users\\User1\\Desktop\\threeCodersInABoat\\app\\routers\\general.router\\controller.js","s":{"1":1,"2":12,"3":0,"4":0,"5":0,"6":2,"7":2,"8":2,"9":2,"10":3,"11":0,"12":0,"13":0,"14":12,"15":1},"b":{"1":[0,0]},"f":{"1":0,"2":2,"3":3,"4":0},"fnMap":{"1":{"name":"(anonymous_1)","line":4,"loc":{"start":{"line":4,"column":27},"end":{"line":4,"column":44}}},"2":{"name":"(anonymous_2)","line":11,"loc":{"start":{"line":11,"column":16},"end":{"line":11,"column":27}}},"3":{"name":"(anonymous_3)","line":27,"loc":{"start":{"line":27,"column":17},"end":{"line":27,"column":28}}},"4":{"name":"(anonymous_4)","line":31,"loc":{"start":{"line":31,"column":14},"end":{"line":31,"column":25}}}},"statementMap":{"1":{"start":{"line":1,"column":0},"end":{"line":38,"column":2}},"2":{"start":{"line":2,"column":4},"end":{"line":36,"column":6}},"3":{"start":{"line":5,"column":12},"end":{"line":7,"column":13}},"4":{"start":{"line":6,"column":16},"end":{"line":6,"column":30}},"5":{"start":{"line":8,"column":12},"end":{"line":8,"column":42}},"6":{"start":{"line":12,"column":12},"end":{"line":18,"column":23}},"7":{"start":{"line":19,"column":12},"end":{"line":19,"column":47}},"8":{"start":{"line":20,"column":12},"end":{"line":24,"column":19}},"9":{"start":{"line":22,"column":20},"end":{"line":23,"column":65}},"10":{"start":{"line":28,"column":12},"end":{"line":28,"column":39}},"11":{"start":{"line":32,"column":12},"end":{"line":32,"column":25}},"12":{"start":{"line":33,"column":12},"end":{"line":33,"column":58}},"13":{"start":{"line":34,"column":12},"end":{"line":34,"column":42}},"14":{"start":{"line":37,"column":4},"end":{"line":37,"column":22}},"15":{"start":{"line":40,"column":0},"end":{"line":40,"column":26}}},"branchMap":{"1":{"line":5,"type":"if","locations":[{"start":{"line":5,"column":12},"end":{"line":5,"column":12}},{"start":{"line":5,"column":12},"end":{"line":5,"column":12}}]}},"l":{"1":1,"2":12,"5":0,"6":0,"8":0,"12":2,"19":2,"20":2,"22":2,"28":3,"32":0,"33":0,"34":0,"37":12,"40":1}},
"C:\\Users\\User1\\Desktop\\threeCodersInABoat\\app\\routers\\general.router\\index.js":{"path":"C:\\Users\\User1\\Desktop\\threeCodersInABoat\\app\\routers\\general.router\\index.js","s":{"1":1},"b":{},"f":{},"fnMap":{},"statementMap":{"1":{"start":{"line":1,"column":0},"end":{"line":1,"column":37}}},"branchMap":{},"l":{"1":1}},
"C:\\Users\\User1\\Desktop\\threeCodersInABoat\\app\\routers\\general.router\\router.js":{"path":"C:\\Users\\User1\\Desktop\\threeCodersInABoat\\app\\routers\\general.router\\router.js","s":{"1":1,"2":10,"3":10,"4":1},"b":{},"f":{},"fnMap":{},"statementMap":{"1":{"start":{"line":1,"column":0},"end":{"line":6,"column":2}},"2":{"start":{"line":2,"column":4},"end":{"line":2,"column":58}},"3":{"start":{"line":3,"column":4},"end":{"line":5,"column":45}},"4":{"start":{"line":8,"column":0},"end":{"line":10,"column":2}}},"branchMap":{},"l":{"1":1,"2":10,"3":10,"8":1}},
"C:\\Users\\User1\\Desktop\\threeCodersInABoat\\app\\routers\\news.router\\controller.js":{"path":"C:\\Users\\User1\\Desktop\\threeCodersInABoat\\app\\routers\\news.router\\controller.js","s":{"1":1,"2":1,"3":13,"4":2,"5":2,"6":2,"7":1,"8":1,"9":1,"10":1,"11":1,"12":1,"13":1,"14":1,"15":0,"16":0,"17":0,"18":0,"19":0,"20":0,"21":0,"22":0,"23":0,"24":0,"25":0,"26":0,"27":0,"28":0,"29":0,"30":0,"31":0,"32":0,"33":0,"34":0,"35":0,"36":0,"37":0,"38":0,"39":0,"40":0,"41":0,"42":0,"43":0,"44":0,"45":0,"46":0,"47":0,"48":0,"49":0,"50":0,"51":0,"52":0,"53":0,"54":0,"55":0,"56":0,"57":0,"58":0,"59":13,"60":1},"b":{"1":[1,0],"2":[0,0]},"f":{"1":2,"2":1,"3":1,"4":0,"5":0,"6":0,"7":0,"8":0},"fnMap":{"1":{"name":"(anonymous_1)","line":5,"loc":{"start":{"line":5,"column":29},"end":{"line":5,"column":46}}},"2":{"name":"(anonymous_2)","line":21,"loc":{"start":{"line":21,"column":36},"end":{"line":21,"column":53}}},"3":{"name":"(anonymous_3)","line":41,"loc":{"start":{"line":41,"column":35},"end":{"line":41,"column":46}}},"4":{"name":"(anonymous_4)","line":52,"loc":{"start":{"line":52,"column":18},"end":{"line":52,"column":35}}},"5":{"name":"(anonymous_5)","line":69,"loc":{"start":{"line":69,"column":15},"end":{"line":69,"column":32}}},"6":{"name":"(anonymous_6)","line":78,"loc":{"start":{"line":78,"column":25},"end":{"line":78,"column":42}}},"7":{"name":"(anonymous_7)","line":105,"loc":{"start":{"line":105,"column":28},"end":{"line":105,"column":45}}},"8":{"name":"(anonymous_8)","line":130,"loc":{"start":{"line":130,"column":28},"end":{"line":130,"column":45}}}},"statementMap":{"1":{"start":{"line":1,"column":0},"end":{"line":1,"column":45}},"2":{"start":{"line":3,"column":0},"end":{"line":153,"column":2}},"3":{"start":{"line":4,"column":4},"end":{"line":150,"column":6}},"4":{"start":{"line":6,"column":12},"end":{"line":6,"column":50}},"5":{"start":{"line":7,"column":12},"end":{"line":18,"column":19}},"6":{"start":{"line":14,"column":20},"end":{"line":17,"column":23}},"7":{"start":{"line":22,"column":12},"end":{"line":22,"column":50}},"8":{"start":{"line":23,"column":12},"end":{"line":23,"column":47}},"9":{"start":{"line":24,"column":12},"end":{"line":24,"column":41}},"10":{"start":{"line":25,"column":12},"end":{"line":38,"column":19}},"11":{"start":{"line":33,"column":20},"end":{"line":37,"column":23}},"12":{"start":{"line":42,"column":12},"end":{"line":42,"column":44}},"13":{"start":{"line":43,"column":12},"end":{"line":49,"column":19}},"14":{"start":{"line":45,"column":20},"end":{"line":48,"column":23}},"15":{"start":{"line":53,"column":12},"end":{"line":53,"column":50}},"16":{"start":{"line":54,"column":12},"end":{"line":54,"column":40}},"17":{"start":{"line":55,"column":12},"end":{"line":66,"column":19}},"18":{"start":{"line":62,"column":20},"end":{"line":65,"column":23}},"19":{"start":{"line":70,"column":12},"end":{"line":70,"column":43}},"20":{"start":{"line":71,"column":12},"end":{"line":71,"column":47}},"21":{"start":{"line":72,"column":12},"end":{"line":75,"column":19}},"22":{"start":{"line":74,"column":20},"end":{"line":74,"column":72}},"23":{"start":{"line":79,"column":12},"end":{"line":79,"column":39}},"24":{"start":{"line":80,"column":12},"end":{"line":80,"column":49}},"25":{"start":{"line":81,"column":12},"end":{"line":81,"column":45}},"26":{"start":{"line":82,"column":12},"end":{"line":82,"column":47}},"27":{"start":{"line":83,"column":12},"end":{"line":83,"column":60}},"28":{"start":{"line":84,"column":12},"end":{"line":102,"column":19}},"29":{"start":{"line":86,"column":20},"end":{"line":91,"column":21}},"30":{"start":{"line":87,"column":24},"end":{"line":87,"column":46}},"31":{"start":{"line":88,"column":24},"end":{"line":88,"column":59}},"32":{"start":{"line":90,"column":24},"end":{"line":90,"column":59}},"33":{"start":{"line":92,"column":20},"end":{"line":92,"column":35}},"34":{"start":{"line":95,"column":20},"end":{"line":95,"column":54}},"35":{"start":{"line":98,"column":20},"end":{"line":98,"column":63}},"36":{"start":{"line":101,"column":20},"end":{"line":101,"column":37}},"37":{"start":{"line":106,"column":12},"end":{"line":106,"column":39}},"38":{"start":{"line":107,"column":12},"end":{"line":107,"column":49}},"39":{"start":{"line":108,"column":12},"end":{"line":108,"column":45}},"40":{"start":{"line":109,"column":12},"end":{"line":109,"column":35}},"41":{"start":{"line":110,"column":12},"end":{"line":127,"column":19}},"42":{"start":{"line":112,"column":20},"end":{"line":114,"column":54}},"43":{"start":{"line":114,"column":38},"end":{"line":114,"column":52}},"44":{"start":{"line":115,"column":20},"end":{"line":115,"column":62}},"45":{"start":{"line":116,"column":20},"end":{"line":116,"column":56}},"46":{"start":{"line":117,"column":20},"end":{"line":117,"column":35}},"47":{"start":{"line":120,"column":20},"end":{"line":120,"column":54}},"48":{"start":{"line":123,"column":20},"end":{"line":123,"column":64}},"49":{"start":{"line":126,"column":20},"end":{"line":126,"column":37}},"50":{"start":{"line":131,"column":12},"end":{"line":131,"column":49}},"51":{"start":{"line":132,"column":12},"end":{"line":148,"column":19}},"52":{"start":{"line":134,"column":20},"end":{"line":136,"column":75}},"53":{"start":{"line":136,"column":38},"end":{"line":136,"column":73}},"54":{"start":{"line":137,"column":20},"end":{"line":137,"column":54}},"55":{"start":{"line":138,"column":20},"end":{"line":138,"column":35}},"56":{"start":{"line":141,"column":20},"end":{"line":141,"column":54}},"57":{"start":{"line":144,"column":20},"end":{"line":144,"column":37}},"58":{"start":{"line":147,"column":20},"end":{"line":147,"column":37}},"59":{"start":{"line":152,"column":4},"end":{"line":152,"column":22}},"60":{"start":{"line":155,"column":0},"end":{"line":155,"column":26}}},"branchMap":{"1":{"line":23,"type":"binary-expr","locations":[{"start":{"line":23,"column":25},"end":{"line":23,"column":39}},{"start":{"line":23,"column":43},"end":{"line":23,"column":46}}]},"2":{"line":86,"type":"if","locations":[{"start":{"line":86,"column":20},"end":{"line":86,"column":20}},{"start":{"line":86,"column":20},"end":{"line":86,"column":20}}]}},"l":{"1":1,"3":1,"4":13,"6":2,"7":2,"14":2,"22":1,"23":1,"24":1,"25":1,"33":1,"42":1,"43":1,"45":1,"53":0,"54":0,"55":0,"62":0,"70":0,"71":0,"72":0,"74":0,"79":0,"80":0,"81":0,"82":0,"83":0,"84":0,"86":0,"87":0,"88":0,"90":0,"92":0,"95":0,"98":0,"101":0,"106":0,"107":0,"108":0,"109":0,"110":0,"112":0,"114":0,"115":0,"116":0,"117":0,"120":0,"123":0,"126":0,"131":0,"132":0,"134":0,"136":0,"137":0,"138":0,"141":0,"144":0,"147":0,"152":13,"155":1}},
"C:\\Users\\User1\\Desktop\\threeCodersInABoat\\app\\routers\\news.router\\index.js":{"path":"C:\\Users\\User1\\Desktop\\threeCodersInABoat\\app\\routers\\news.router\\index.js","s":{"1":1},"b":{},"f":{},"fnMap":{},"statementMap":{"1":{"start":{"line":1,"column":0},"end":{"line":1,"column":37}}},"branchMap":{},"l":{"1":1}},
"C:\\Users\\User1\\Desktop\\threeCodersInABoat\\app\\routers\\news.router\\router.js":{"path":"C:\\Users\\User1\\Desktop\\threeCodersInABoat\\app\\routers\\news.router\\router.js","s":{"1":1,"2":10,"3":10,"4":1,"5":0,"6":0,"7":0,"8":1,"9":1},"b":{"1":[0,1],"2":[0,0]},"f":{},"fnMap":{},"statementMap":{"1":{"start":{"line":1,"column":0},"end":{"line":23,"column":2}},"2":{"start":{"line":2,"column":4},"end":{"line":2,"column":58}},"3":{"start":{"line":3,"column":4},"end":{"line":22,"column":62}},"4":{"start":{"line":5,"column":12},"end":{"line":13,"column":13}},"5":{"start":{"line":6,"column":16},"end":{"line":10,"column":17}},"6":{"start":{"line":7,"column":20},"end":{"line":7,"column":76}},"7":{"start":{"line":9,"column":20},"end":{"line":9,"column":58}},"8":{"start":{"line":12,"column":16},"end":{"line":12,"column":65}},"9":{"start":{"line":25,"column":0},"end":{"line":27,"column":2}}},"branchMap":{"1":{"line":5,"type":"if","locations":[{"start":{"line":5,"column":12},"end":{"line":5,"column":12}},{"start":{"line":5,"column":12},"end":{"line":5,"column":12}}]},"2":{"line":6,"type":"if","locations":[{"start":{"line":6,"column":16},"end":{"line":6,"column":16}},{"start":{"line":6,"column":16},"end":{"line":6,"column":16}}]}},"l":{"1":1,"2":10,"3":10,"5":1,"6":0,"7":0,"9":0,"12":1,"25":1}},
"C:\\Users\\User1\\Desktop\\threeCodersInABoat\\app\\routers\\user.router\\controller.js":{"path":"C:\\Users\\User1\\Desktop\\threeCodersInABoat\\app\\routers\\user.router\\controller.js","s":{"1":1,"2":1,"3":1,"4":1,"5":24,"6":3,"7":3,"8":1,"9":2,"10":2,"11":3,"12":3,"13":2,"14":1,"15":1,"16":3,"17":3,"18":2,"19":1,"20":1,"21":4,"22":3,"23":1,"24":5,"25":1,"26":4,"27":2,"28":2,"29":2,"30":2,"31":2,"32":1,"33":1,"34":1,"35":0,"36":0,"37":0,"38":0,"39":0,"40":0,"41":1,"42":2,"43":2,"44":1,"45":1,"46":1,"47":1,"48":1,"49":1,"50":1,"51":1,"52":24,"53":1},"b":{"1":[1,2],"2":[2,1],"3":[2,1],"4":[3,1],"5":[1,4],"6":[0,1],"7":[0,0],"8":[0,0]},"f":{"1":3,"2":3,"3":3,"4":4,"5":5,"6":2,"7":1,"8":1,"9":2,"10":1},"fnMap":{"1":{"name":"(anonymous_1)","line":8,"loc":{"start":{"line":8,"column":19},"end":{"line":8,"column":36}}},"2":{"name":"(anonymous_2)","line":19,"loc":{"start":{"line":19,"column":19},"end":{"line":19,"column":36}}},"3":{"name":"(anonymous_3)","line":30,"loc":{"start":{"line":30,"column":20},"end":{"line":30,"column":37}}},"4":{"name":"(anonymous_4)","line":41,"loc":{"start":{"line":41,"column":30},"end":{"line":41,"column":47}}},"5":{"name":"(anonymous_5)","line":48,"loc":{"start":{"line":48,"column":27},"end":{"line":48,"column":44}}},"6":{"name":"(anonymous_6)","line":55,"loc":{"start":{"line":55,"column":16},"end":{"line":55,"column":27}}},"7":{"name":"(anonymous_7)","line":74,"loc":{"start":{"line":74,"column":13},"end":{"line":74,"column":24}}},"8":{"name":"(anonymous_8)","line":85,"loc":{"start":{"line":85,"column":20},"end":{"line":85,"column":37}}},"9":{"name":"(anonymous_9)","line":108,"loc":{"start":{"line":108,"column":16},"end":{"line":108,"column":27}}},"10":{"name":"(anonymous_10)","line":124,"loc":{"start":{"line":124,"column":14},"end":{"line":124,"column":25}}}},"statementMap":{"1":{"start":{"line":1,"column":0},"end":{"line":1,"column":42}},"2":{"start":{"line":2,"column":0},"end":{"line":2,"column":37}},"3":{"start":{"line":3,"column":0},"end":{"line":3,"column":57}},"4":{"start":{"line":6,"column":0},"end":{"line":131,"column":2}},"5":{"start":{"line":7,"column":4},"end":{"line":129,"column":6}},"6":{"start":{"line":9,"column":12},"end":{"line":16,"column":19}},"7":{"start":{"line":11,"column":20},"end":{"line":13,"column":21}},"8":{"start":{"line":12,"column":24},"end":{"line":12,"column":38}},"9":{"start":{"line":14,"column":20},"end":{"line":14,"column":58}},"10":{"start":{"line":15,"column":20},"end":{"line":15,"column":53}},"11":{"start":{"line":20,"column":12},"end":{"line":27,"column":19}},"12":{"start":{"line":22,"column":20},"end":{"line":24,"column":21}},"13":{"start":{"line":23,"column":24},"end":{"line":23,"column":38}},"14":{"start":{"line":25,"column":20},"end":{"line":25,"column":58}},"15":{"start":{"line":26,"column":20},"end":{"line":26,"column":50}},"16":{"start":{"line":31,"column":12},"end":{"line":38,"column":19}},"17":{"start":{"line":33,"column":20},"end":{"line":35,"column":21}},"18":{"start":{"line":34,"column":24},"end":{"line":34,"column":38}},"19":{"start":{"line":36,"column":20},"end":{"line":36,"column":58}},"20":{"start":{"line":37,"column":20},"end":{"line":37,"column":59}},"21":{"start":{"line":42,"column":12},"end":{"line":44,"column":13}},"22":{"start":{"line":43,"column":16},"end":{"line":43,"column":30}},"23":{"start":{"line":45,"column":12},"end":{"line":45,"column":37}},"24":{"start":{"line":49,"column":12},"end":{"line":51,"column":13}},"25":{"start":{"line":50,"column":16},"end":{"line":50,"column":30}},"26":{"start":{"line":52,"column":12},"end":{"line":52,"column":42}},"27":{"start":{"line":56,"column":12},"end":{"line":56,"column":60}},"28":{"start":{"line":57,"column":12},"end":{"line":71,"column":15}},"29":{"start":{"line":59,"column":16},"end":{"line":66,"column":28}},"30":{"start":{"line":69,"column":16},"end":{"line":69,"column":43}},"31":{"start":{"line":70,"column":16},"end":{"line":70,"column":49}},"32":{"start":{"line":75,"column":12},"end":{"line":82,"column":28}},"33":{"start":{"line":86,"column":16},"end":{"line":105,"column":19}},"34":{"start":{"line":87,"column":20},"end":{"line":103,"column":21}},"35":{"start":{"line":88,"column":24},"end":{"line":101,"column":25}},"36":{"start":{"line":89,"column":28},"end":{"line":92,"column":32}},"37":{"start":{"line":93,"column":31},"end":{"line":101,"column":25}},"38":{"start":{"line":94,"column":28},"end":{"line":97,"column":32}},"39":{"start":{"line":99,"column":28},"end":{"line":100,"column":68}},"40":{"start":{"line":102,"column":24},"end":{"line":102,"column":63}},"41":{"start":{"line":104,"column":20},"end":{"line":104,"column":34}},"42":{"start":{"line":109,"column":12},"end":{"line":121,"column":15}},"43":{"start":{"line":111,"column":15},"end":{"line":111,"column":74}},"44":{"start":{"line":114,"column":16},"end":{"line":114,"column":49}},"45":{"start":{"line":115,"column":16},"end":{"line":115,"column":45}},"46":{"start":{"line":116,"column":16},"end":{"line":116,"column":46}},"47":{"start":{"line":119,"column":16},"end":{"line":119,"column":43}},"48":{"start":{"line":120,"column":16},"end":{"line":120,"column":55}},"49":{"start":{"line":125,"column":12},"end":{"line":125,"column":25}},"50":{"start":{"line":126,"column":12},"end":{"line":126,"column":58}},"51":{"start":{"line":127,"column":12},"end":{"line":127,"column":42}},"52":{"start":{"line":130,"column":4},"end":{"line":130,"column":22}},"53":{"start":{"line":132,"column":0},"end":{"line":132,"column":26}}},"branchMap":{"1":{"line":11,"type":"if","locations":[{"start":{"line":11,"column":20},"end":{"line":11,"column":20}},{"start":{"line":11,"column":20},"end":{"line":11,"column":20}}]},"2":{"line":22,"type":"if","locations":[{"start":{"line":22,"column":20},"end":{"line":22,"column":20}},{"start":{"line":22,"column":20},"end":{"line":22,"column":20}}]},"3":{"line":33,"type":"if","locations":[{"start":{"line":33,"column":20},"end":{"line":33,"column":20}},{"start":{"line":33,"column":20},"end":{"line":33,"column":20}}]},"4":{"line":42,"type":"if","locations":[{"start":{"line":42,"column":12},"end":{"line":42,"column":12}},{"start":{"line":42,"column":12},"end":{"line":42,"column":12}}]},"5":{"line":49,"type":"if","locations":[{"start":{"line":49,"column":12},"end":{"line":49,"column":12}},{"start":{"line":49,"column":12},"end":{"line":49,"column":12}}]},"6":{"line":87,"type":"if","locations":[{"start":{"line":87,"column":20},"end":{"line":87,"column":20}},{"start":{"line":87,"column":20},"end":{"line":87,"column":20}}]},"7":{"line":88,"type":"if","locations":[{"start":{"line":88,"column":24},"end":{"line":88,"column":24}},{"start":{"line":88,"column":24},"end":{"line":88,"column":24}}]},"8":{"line":93,"type":"if","locations":[{"start":{"line":93,"column":31},"end":{"line":93,"column":31}},{"start":{"line":93,"column":31},"end":{"line":93,"column":31}}]}},"l":{"1":1,"2":1,"3":1,"6":1,"7":24,"9":3,"11":3,"12":1,"14":2,"15":2,"20":3,"22":3,"23":2,"25":1,"26":1,"31":3,"33":3,"34":2,"36":1,"37":1,"42":4,"43":3,"45":1,"49":5,"50":1,"52":4,"56":2,"57":2,"59":2,"69":2,"70":2,"75":1,"86":1,"87":1,"88":0,"89":0,"93":0,"94":0,"99":0,"102":0,"104":1,"109":2,"111":2,"114":1,"115":1,"116":1,"119":1,"120":1,"125":1,"126":1,"127":1,"130":24,"132":1}},
"C:\\Users\\User1\\Desktop\\threeCodersInABoat\\app\\routers\\user.router\\index.js":{"path":"C:\\Users\\User1\\Desktop\\threeCodersInABoat\\app\\routers\\user.router\\index.js","s":{"1":1},"b":{},"f":{},"fnMap":{},"statementMap":{"1":{"start":{"line":1,"column":0},"end":{"line":1,"column":37}}},"branchMap":{},"l":{"1":1}},
"C:\\Users\\User1\\Desktop\\threeCodersInABoat\\app\\routers\\user.router\\router.js":{"path":"C:\\Users\\User1\\Desktop\\threeCodersInABoat\\app\\routers\\user.router\\router.js","s":{"1":1,"2":10,"3":10,"4":1,"5":1,"6":0,"7":0,"8":0,"9":1},"b":{},"f":{},"fnMap":{},"statementMap":{"1":{"start":{"line":1,"column":0},"end":{"line":28,"column":2}},"2":{"start":{"line":2,"column":4},"end":{"line":2,"column":58}},"3":{"start":{"line":4,"column":4},"end":{"line":27,"column":43}},"4":{"start":{"line":6,"column":12},"end":{"line":6,"column":71}},"5":{"start":{"line":9,"column":12},"end":{"line":9,"column":74}},"6":{"start":{"line":12,"column":12},"end":{"line":12,"column":41}},"7":{"start":{"line":15,"column":12},"end":{"line":15,"column":78}},"8":{"start":{"line":18,"column":12},"end":{"line":18,"column":38}},"9":{"start":{"line":30,"column":0},"end":{"line":32,"column":2}}},"branchMap":{},"l":{"1":1,"2":10,"4":10,"6":1,"9":1,"12":0,"15":0,"18":0,"30":1}},
"C:\\Users\\User1\\Desktop\\threeCodersInABoat\\app\\routers\\validator\\index.js":{"path":"C:\\Users\\User1\\Desktop\\threeCodersInABoat\\app\\routers\\validator\\index.js","s":{"1":1,"2":3,"3":3,"4":3,"5":3,"6":3,"7":3,"8":3,"9":1,"10":3,"11":3,"12":3,"13":1,"14":3,"15":3,"16":3,"17":1},"b":{},"f":{},"fnMap":{},"statementMap":{"1":{"start":{"line":1,"column":0},"end":{"line":19,"column":2}},"2":{"start":{"line":2,"column":4},"end":{"line":4,"column":32}},"3":{"start":{"line":5,"column":4},"end":{"line":8,"column":53}},"4":{"start":{"line":9,"column":4},"end":{"line":9,"column":65}},"5":{"start":{"line":10,"column":4},"end":{"line":13,"column":70}},"6":{"start":{"line":14,"column":4},"end":{"line":15,"column":54}},"7":{"start":{"line":16,"column":4},"end":{"line":16,"column":65}},"8":{"start":{"line":18,"column":4},"end":{"line":18,"column":37}},"9":{"start":{"line":21,"column":0},"end":{"line":26,"column":2}},"10":{"start":{"line":22,"column":4},"end":{"line":22,"column":65}},"11":{"start":{"line":23,"column":4},"end":{"line":23,"column":65}},"12":{"start":{"line":25,"column":4},"end":{"line":25,"column":37}},"13":{"start":{"line":28,"column":0},"end":{"line":32,"column":2}},"14":{"start":{"line":29,"column":4},"end":{"line":29,"column":64}},"15":{"start":{"line":30,"column":4},"end":{"line":30,"column":65}},"16":{"start":{"line":31,"column":4},"end":{"line":31,"column":37}},"17":{"start":{"line":34,"column":0},"end":{"line":38,"column":2}}},"branchMap":{},"l":{"1":1,"2":3,"5":3,"9":3,"10":3,"14":3,"16":3,"18":3,"21":1,"22":3,"23":3,"25":3,"28":1,"29":3,"30":3,"31":3,"34":1}},
"C:\\Users\\User1\\Desktop\\threeCodersInABoat\\models\\news.js":{"path":"C:\\Users\\User1\\Desktop\\threeCodersInABoat\\models\\news.js","s":{"1":1},"b":{},"f":{},"fnMap":{},"statementMap":{"1":{"start":{"line":5,"column":0},"end":{"line":5,"column":21}}},"branchMap":{},"l":{"5":1}},
"C:\\Users\\User1\\Desktop\\threeCodersInABoat\\models\\user.js":{"path":"C:\\Users\\User1\\Desktop\\threeCodersInABoat\\models\\user.js","s":{"1":0,"2":1},"b":{},"f":{"1":0,"2":0},"fnMap":{"1":{"name":"(anonymous_1)","line":2,"loc":{"start":{"line":2,"column":18},"end":{"line":2,"column":26}}},"2":{"name":"(anonymous_2)","line":5,"loc":{"start":{"line":5,"column":10},"end":{"line":5,"column":13}}}},"statementMap":{"1":{"start":{"line":6,"column":8},"end":{"line":6,"column":24}},"2":{"start":{"line":10,"column":0},"end":{"line":10,"column":22}}},"branchMap":{},"l":{"6":0,"10":1}}}
