{
"D:\\telerik\\Node.Js\\threeCodersInABoat\\data\\data.js":{"path":"D:\\telerik\\Node.Js\\threeCodersInABoat\\data\\data.js","s":{"1":1,"2":1,"3":1,"4":8,"5":1},"b":{},"f":{},"fnMap":{},"statementMap":{"1":{"start":{"line":1,"column":0},"end":{"line":1,"column":42}},"2":{"start":{"line":2,"column":0},"end":{"line":2,"column":40}},"3":{"start":{"line":4,"column":0},"end":{"line":9,"column":2}},"4":{"start":{"line":5,"column":4},"end":{"line":8,"column":7}},"5":{"start":{"line":11,"column":0},"end":{"line":11,"column":26}}},"branchMap":{},"l":{"1":1,"2":1,"4":1,"5":8,"11":1}},
"D:\\telerik\\Node.Js\\threeCodersInABoat\\data\\index.js":{"path":"D:\\telerik\\Node.Js\\threeCodersInABoat\\data\\index.js","s":{"1":1},"b":{},"f":{},"fnMap":{},"statementMap":{"1":{"start":{"line":1,"column":0},"end":{"line":1,"column":35}}},"branchMap":{},"l":{"1":1}},
"D:\\telerik\\Node.Js\\threeCodersInABoat\\data\\news.data.js":{"path":"D:\\telerik\\Node.Js\\threeCodersInABoat\\data\\news.data.js","s":{"1":1,"2":1,"3":11,"4":2,"5":2,"6":1,"7":1},"b":{},"f":{"1":11,"2":2,"3":2,"4":1},"fnMap":{"1":{"name":"(anonymous_1)","line":5,"loc":{"start":{"line":5,"column":15},"end":{"line":5,"column":20}}},"2":{"name":"(anonymous_2)","line":9,"loc":{"start":{"line":9,"column":10},"end":{"line":9,"column":18}}},"3":{"name":"(anonymous_3)","line":17,"loc":{"start":{"line":17,"column":10},"end":{"line":17,"column":19}}},"4":{"name":"(anonymous_4)","line":22,"loc":{"start":{"line":22,"column":16},"end":{"line":22,"column":26}}}},"statementMap":{"1":{"start":{"line":1,"column":0},"end":{"line":1,"column":45}},"2":{"start":{"line":2,"column":0},"end":{"line":2,"column":39}},"3":{"start":{"line":6,"column":8},"end":{"line":6,"column":24}},"4":{"start":{"line":10,"column":8},"end":{"line":14,"column":23}},"5":{"start":{"line":18,"column":8},"end":{"line":19,"column":66}},"6":{"start":{"line":23,"column":8},"end":{"line":23,"column":45}},"7":{"start":{"line":27,"column":0},"end":{"line":27,"column":26}}},"branchMap":{},"l":{"1":1,"2":1,"6":11,"10":2,"18":2,"23":1,"27":1}},
"D:\\telerik\\Node.Js\\threeCodersInABoat\\data\\users.data.js":{"path":"D:\\telerik\\Node.Js\\threeCodersInABoat\\data\\users.data.js","s":{"1":1,"2":1,"3":1,"4":1,"5":1,"6":16,"7":3,"8":3,"9":1,"10":1,"11":2,"12":2,"13":1,"14":1,"15":1,"16":1,"17":1,"18":2,"19":2,"20":1,"21":1,"22":3,"23":3,"24":3,"25":1,"26":1,"27":2,"28":1,"29":1,"30":1},"b":{"1":[1,2],"2":[1,1],"3":[1,1],"4":[1,2],"5":[3,1],"6":[1,1]},"f":{"1":16,"2":3,"3":2,"4":3},"fnMap":{"1":{"name":"(anonymous_1)","line":9,"loc":{"start":{"line":9,"column":15},"end":{"line":9,"column":20}}},"2":{"name":"(anonymous_2)","line":13,"loc":{"start":{"line":13,"column":12},"end":{"line":13,"column":24}}},"3":{"name":"(anonymous_3)","line":41,"loc":{"start":{"line":41,"column":17},"end":{"line":41,"column":38}}},"4":{"name":"(anonymous_4)","line":53,"loc":{"start":{"line":53,"column":14},"end":{"line":53,"column":26}}}},"statementMap":{"1":{"start":{"line":1,"column":0},"end":{"line":1,"column":45}},"2":{"start":{"line":2,"column":0},"end":{"line":2,"column":39}},"3":{"start":{"line":3,"column":0},"end":{"line":3,"column":47}},"4":{"start":{"line":4,"column":0},"end":{"line":4,"column":25}},"5":{"start":{"line":5,"column":0},"end":{"line":5,"column":52}},"6":{"start":{"line":10,"column":8},"end":{"line":10,"column":24}},"7":{"start":{"line":14,"column":8},"end":{"line":38,"column":15}},"8":{"start":{"line":16,"column":16},"end":{"line":19,"column":17}},"9":{"start":{"line":17,"column":20},"end":{"line":17,"column":70}},"10":{"start":{"line":18,"column":20},"end":{"line":18,"column":30}},"11":{"start":{"line":20,"column":17},"end":{"line":20,"column":61}},"12":{"start":{"line":23,"column":16},"end":{"line":26,"column":17}},"13":{"start":{"line":24,"column":19},"end":{"line":24,"column":74}},"14":{"start":{"line":25,"column":20},"end":{"line":25,"column":30}},"15":{"start":{"line":27,"column":16},"end":{"line":27,"column":54}},"16":{"start":{"line":30,"column":16},"end":{"line":36,"column":18}},"17":{"start":{"line":37,"column":16},"end":{"line":37,"column":42}},"18":{"start":{"line":42,"column":7},"end":{"line":50,"column":15}},"19":{"start":{"line":46,"column":16},"end":{"line":48,"column":17}},"20":{"start":{"line":47,"column":20},"end":{"line":47,"column":56}},"21":{"start":{"line":49,"column":16},"end":{"line":49,"column":28}},"22":{"start":{"line":54,"column":9},"end":{"line":65,"column":15}},"23":{"start":{"line":56,"column":16},"end":{"line":56,"column":42}},"24":{"start":{"line":57,"column":16},"end":{"line":60,"column":17}},"25":{"start":{"line":58,"column":24},"end":{"line":58,"column":78}},"26":{"start":{"line":59,"column":24},"end":{"line":59,"column":34}},"27":{"start":{"line":61,"column":16},"end":{"line":63,"column":17}},"28":{"start":{"line":62,"column":20},"end":{"line":62,"column":161}},"29":{"start":{"line":64,"column":16},"end":{"line":64,"column":107}},"30":{"start":{"line":69,"column":0},"end":{"line":69,"column":27}}},"branchMap":{"1":{"line":16,"type":"if","locations":[{"start":{"line":16,"column":16},"end":{"line":16,"column":16}},{"start":{"line":16,"column":16},"end":{"line":16,"column":16}}]},"2":{"line":23,"type":"if","locations":[{"start":{"line":23,"column":16},"end":{"line":23,"column":16}},{"start":{"line":23,"column":16},"end":{"line":23,"column":16}}]},"3":{"line":46,"type":"if","locations":[{"start":{"line":46,"column":16},"end":{"line":46,"column":16}},{"start":{"line":46,"column":16},"end":{"line":46,"column":16}}]},"4":{"line":57,"type":"if","locations":[{"start":{"line":57,"column":16},"end":{"line":57,"column":16}},{"start":{"line":57,"column":16},"end":{"line":57,"column":16}}]},"5":{"line":57,"type":"binary-expr","locations":[{"start":{"line":57,"column":20},"end":{"line":57,"column":32}},{"start":{"line":57,"column":36},"end":{"line":57,"column":77}}]},"6":{"line":61,"type":"if","locations":[{"start":{"line":61,"column":16},"end":{"line":61,"column":16}},{"start":{"line":61,"column":16},"end":{"line":61,"column":16}}]}},"l":{"1":1,"2":1,"3":1,"4":1,"5":1,"10":16,"14":3,"16":3,"17":1,"18":1,"20":2,"23":2,"24":1,"25":1,"27":1,"30":1,"37":1,"42":2,"46":2,"47":1,"49":1,"54":3,"56":3,"57":3,"58":1,"59":1,"61":2,"62":1,"64":1,"69":1}},
"D:\\telerik\\Node.Js\\threeCodersInABoat\\data\\base\\base.data.js":{"path":"D:\\telerik\\Node.Js\\threeCodersInABoat\\data\\base\\base.data.js","s":{"1":33,"2":33,"3":33,"4":33,"5":1,"6":1,"7":2,"8":2,"9":11,"10":3,"11":1,"12":1,"13":33,"14":1},"b":{},"f":{"1":33,"2":1,"3":1,"4":2,"5":11,"6":3,"7":1,"8":33},"fnMap":{"1":{"name":"(anonymous_1)","line":2,"loc":{"start":{"line":2,"column":15},"end":{"line":2,"column":43}}},"2":{"name":"(anonymous_2)","line":9,"loc":{"start":{"line":9,"column":12},"end":{"line":9,"column":20}}},"3":{"name":"(anonymous_3)","line":13,"loc":{"start":{"line":13,"column":10},"end":{"line":13,"column":13}}},"4":{"name":"(anonymous_4)","line":17,"loc":{"start":{"line":17,"column":10},"end":{"line":17,"column":18}}},"5":{"name":"(anonymous_5)","line":24,"loc":{"start":{"line":24,"column":11},"end":{"line":24,"column":19}}},"6":{"name":"(anonymous_6)","line":28,"loc":{"start":{"line":28,"column":13},"end":{"line":28,"column":29}}},"7":{"name":"(anonymous_7)","line":32,"loc":{"start":{"line":32,"column":14},"end":{"line":32,"column":23}}},"8":{"name":"(anonymous_8)","line":39,"loc":{"start":{"line":39,"column":22},"end":{"line":39,"column":25}}}},"statementMap":{"1":{"start":{"line":3,"column":8},"end":{"line":3,"column":21}},"2":{"start":{"line":4,"column":8},"end":{"line":4,"column":37}},"3":{"start":{"line":5,"column":8},"end":{"line":5,"column":56}},"4":{"start":{"line":6,"column":8},"end":{"line":6,"column":66}},"5":{"start":{"line":10,"column":8},"end":{"line":10,"column":53}},"6":{"start":{"line":14,"column":8},"end":{"line":14,"column":48}},"7":{"start":{"line":18,"column":8},"end":{"line":21,"column":15}},"8":{"start":{"line":20,"column":16},"end":{"line":20,"column":29}},"9":{"start":{"line":25,"column":8},"end":{"line":25,"column":46}},"10":{"start":{"line":29,"column":8},"end":{"line":29,"column":56}},"11":{"start":{"line":33,"column":8},"end":{"line":33,"column":58}},"12":{"start":{"line":34,"column":8},"end":{"line":36,"column":23}},"13":{"start":{"line":40,"column":8},"end":{"line":40,"column":56}},"14":{"start":{"line":44,"column":0},"end":{"line":44,"column":33}}},"branchMap":{},"l":{"3":33,"4":33,"5":33,"6":33,"10":1,"14":1,"18":2,"20":2,"25":11,"29":3,"33":1,"34":1,"40":33,"44":1}},
"D:\\telerik\\Node.Js\\threeCodersInABoat\\app\\routers\\index.js":{"path":"D:\\telerik\\Node.Js\\threeCodersInABoat\\app\\routers\\index.js","s":{"1":1},"b":{},"f":{},"fnMap":{},"statementMap":{"1":{"start":{"line":1,"column":0},"end":{"line":1,"column":38}}},"branchMap":{},"l":{"1":1}},
"D:\\telerik\\Node.Js\\threeCodersInABoat\\app\\routers\\routers.js":{"path":"D:\\telerik\\Node.Js\\threeCodersInABoat\\app\\routers\\routers.js","s":{"1":1,"2":1,"3":1,"4":8,"5":48,"6":24,"7":24,"8":8,"9":0,"10":1},"b":{},"f":{},"fnMap":{},"statementMap":{"1":{"start":{"line":2,"column":0},"end":{"line":2,"column":29}},"2":{"start":{"line":3,"column":0},"end":{"line":3,"column":25}},"3":{"start":{"line":5,"column":0},"end":{"line":16,"column":2}},"4":{"start":{"line":7,"column":4},"end":{"line":12,"column":11}},"5":{"start":{"line":8,"column":26},"end":{"line":8,"column":50}},"6":{"start":{"line":10,"column":12},"end":{"line":10,"column":58}},"7":{"start":{"line":11,"column":12},"end":{"line":11,"column":52}},"8":{"start":{"line":13,"column":8},"end":{"line":15,"column":11}},"9":{"start":{"line":14,"column":12},"end":{"line":14,"column":32}},"10":{"start":{"line":18,"column":0},"end":{"line":20,"column":2}}},"branchMap":{},"l":{"2":1,"3":1,"5":1,"7":8,"8":48,"10":24,"11":24,"13":8,"14":0,"18":1}},
"D:\\telerik\\Node.Js\\threeCodersInABoat\\app\\routers\\general.router\\controller.js":{"path":"D:\\telerik\\Node.Js\\threeCodersInABoat\\app\\routers\\general.router\\controller.js","s":{"1":1,"2":10,"3":0,"4":0,"5":0,"6":2,"7":2,"8":2,"9":2,"10":3,"11":0,"12":0,"13":0,"14":10,"15":1},"b":{"1":[0,0]},"f":{"1":0,"2":2,"3":3,"4":0},"fnMap":{"1":{"name":"(anonymous_1)","line":4,"loc":{"start":{"line":4,"column":27},"end":{"line":4,"column":44}}},"2":{"name":"(anonymous_2)","line":11,"loc":{"start":{"line":11,"column":16},"end":{"line":11,"column":27}}},"3":{"name":"(anonymous_3)","line":26,"loc":{"start":{"line":26,"column":17},"end":{"line":26,"column":28}}},"4":{"name":"(anonymous_4)","line":30,"loc":{"start":{"line":30,"column":14},"end":{"line":30,"column":25}}}},"statementMap":{"1":{"start":{"line":1,"column":0},"end":{"line":37,"column":2}},"2":{"start":{"line":2,"column":4},"end":{"line":35,"column":6}},"3":{"start":{"line":5,"column":12},"end":{"line":7,"column":13}},"4":{"start":{"line":6,"column":16},"end":{"line":6,"column":30}},"5":{"start":{"line":8,"column":12},"end":{"line":8,"column":42}},"6":{"start":{"line":12,"column":12},"end":{"line":18,"column":23}},"7":{"start":{"line":19,"column":12},"end":{"line":19,"column":47}},"8":{"start":{"line":20,"column":12},"end":{"line":23,"column":19}},"9":{"start":{"line":22,"column":20},"end":{"line":22,"column":87}},"10":{"start":{"line":27,"column":12},"end":{"line":27,"column":39}},"11":{"start":{"line":31,"column":12},"end":{"line":31,"column":25}},"12":{"start":{"line":32,"column":12},"end":{"line":32,"column":58}},"13":{"start":{"line":33,"column":12},"end":{"line":33,"column":42}},"14":{"start":{"line":36,"column":4},"end":{"line":36,"column":22}},"15":{"start":{"line":39,"column":0},"end":{"line":39,"column":26}}},"branchMap":{"1":{"line":5,"type":"if","locations":[{"start":{"line":5,"column":12},"end":{"line":5,"column":12}},{"start":{"line":5,"column":12},"end":{"line":5,"column":12}}]}},"l":{"1":1,"2":10,"5":0,"6":0,"8":0,"12":2,"19":2,"20":2,"22":2,"27":3,"31":0,"32":0,"33":0,"36":10,"39":1}},
"D:\\telerik\\Node.Js\\threeCodersInABoat\\app\\routers\\general.router\\index.js":{"path":"D:\\telerik\\Node.Js\\threeCodersInABoat\\app\\routers\\general.router\\index.js","s":{"1":1},"b":{},"f":{},"fnMap":{},"statementMap":{"1":{"start":{"line":1,"column":0},"end":{"line":1,"column":37}}},"branchMap":{},"l":{"1":1}},
"D:\\telerik\\Node.Js\\threeCodersInABoat\\app\\routers\\general.router\\router.js":{"path":"D:\\telerik\\Node.Js\\threeCodersInABoat\\app\\routers\\general.router\\router.js","s":{"1":1,"2":8,"3":8,"4":1},"b":{},"f":{},"fnMap":{},"statementMap":{"1":{"start":{"line":1,"column":0},"end":{"line":6,"column":2}},"2":{"start":{"line":2,"column":4},"end":{"line":2,"column":58}},"3":{"start":{"line":3,"column":4},"end":{"line":5,"column":45}},"4":{"start":{"line":8,"column":0},"end":{"line":10,"column":2}}},"branchMap":{},"l":{"1":1,"2":8,"3":8,"8":1}},
"D:\\telerik\\Node.Js\\threeCodersInABoat\\app\\routers\\news.router\\controller.js":{"path":"D:\\telerik\\Node.Js\\threeCodersInABoat\\app\\routers\\news.router\\controller.js","s":{"1":1,"2":1,"3":11,"4":1,"5":1,"6":1,"7":1,"8":1,"9":1,"10":1,"11":1,"12":1,"13":1,"14":1,"15":0,"16":0,"17":0,"18":0,"19":0,"20":0,"21":0,"22":0,"23":0,"24":0,"25":0,"26":0,"27":0,"28":0,"29":0,"30":0,"31":0,"32":0,"33":0,"34":0,"35":0,"36":0,"37":0,"38":0,"39":0,"40":0,"41":0,"42":0,"43":0,"44":0,"45":0,"46":0,"47":0,"48":0,"49":0,"50":0,"51":0,"52":0,"53":0,"54":0,"55":0,"56":0,"57":0,"58":0,"59":11,"60":1},"b":{"1":[1,0],"2":[0,0]},"f":{"1":1,"2":1,"3":1,"4":0,"5":0,"6":0,"7":0,"8":0},"fnMap":{"1":{"name":"(anonymous_1)","line":5,"loc":{"start":{"line":5,"column":29},"end":{"line":5,"column":46}}},"2":{"name":"(anonymous_2)","line":21,"loc":{"start":{"line":21,"column":36},"end":{"line":21,"column":53}}},"3":{"name":"(anonymous_3)","line":40,"loc":{"start":{"line":40,"column":35},"end":{"line":40,"column":46}}},"4":{"name":"(anonymous_4)","line":51,"loc":{"start":{"line":51,"column":18},"end":{"line":51,"column":35}}},"5":{"name":"(anonymous_5)","line":68,"loc":{"start":{"line":68,"column":15},"end":{"line":68,"column":32}}},"6":{"name":"(anonymous_6)","line":77,"loc":{"start":{"line":77,"column":25},"end":{"line":77,"column":42}}},"7":{"name":"(anonymous_7)","line":104,"loc":{"start":{"line":104,"column":28},"end":{"line":104,"column":45}}},"8":{"name":"(anonymous_8)","line":129,"loc":{"start":{"line":129,"column":28},"end":{"line":129,"column":45}}}},"statementMap":{"1":{"start":{"line":1,"column":0},"end":{"line":1,"column":45}},"2":{"start":{"line":3,"column":0},"end":{"line":152,"column":2}},"3":{"start":{"line":4,"column":4},"end":{"line":149,"column":6}},"4":{"start":{"line":6,"column":12},"end":{"line":6,"column":50}},"5":{"start":{"line":7,"column":12},"end":{"line":18,"column":19}},"6":{"start":{"line":14,"column":20},"end":{"line":17,"column":23}},"7":{"start":{"line":22,"column":12},"end":{"line":22,"column":50}},"8":{"start":{"line":23,"column":12},"end":{"line":23,"column":47}},"9":{"start":{"line":24,"column":12},"end":{"line":24,"column":41}},"10":{"start":{"line":25,"column":12},"end":{"line":37,"column":19}},"11":{"start":{"line":32,"column":20},"end":{"line":36,"column":23}},"12":{"start":{"line":41,"column":12},"end":{"line":41,"column":44}},"13":{"start":{"line":42,"column":12},"end":{"line":48,"column":19}},"14":{"start":{"line":44,"column":20},"end":{"line":47,"column":23}},"15":{"start":{"line":52,"column":12},"end":{"line":52,"column":50}},"16":{"start":{"line":53,"column":12},"end":{"line":53,"column":40}},"17":{"start":{"line":54,"column":12},"end":{"line":65,"column":19}},"18":{"start":{"line":61,"column":20},"end":{"line":64,"column":23}},"19":{"start":{"line":69,"column":12},"end":{"line":69,"column":43}},"20":{"start":{"line":70,"column":12},"end":{"line":70,"column":47}},"21":{"start":{"line":71,"column":12},"end":{"line":74,"column":19}},"22":{"start":{"line":73,"column":20},"end":{"line":73,"column":72}},"23":{"start":{"line":78,"column":12},"end":{"line":78,"column":39}},"24":{"start":{"line":79,"column":12},"end":{"line":79,"column":49}},"25":{"start":{"line":80,"column":12},"end":{"line":80,"column":45}},"26":{"start":{"line":81,"column":12},"end":{"line":81,"column":47}},"27":{"start":{"line":82,"column":12},"end":{"line":82,"column":60}},"28":{"start":{"line":83,"column":12},"end":{"line":101,"column":19}},"29":{"start":{"line":85,"column":20},"end":{"line":90,"column":21}},"30":{"start":{"line":86,"column":24},"end":{"line":86,"column":46}},"31":{"start":{"line":87,"column":24},"end":{"line":87,"column":59}},"32":{"start":{"line":89,"column":24},"end":{"line":89,"column":59}},"33":{"start":{"line":91,"column":20},"end":{"line":91,"column":35}},"34":{"start":{"line":94,"column":20},"end":{"line":94,"column":54}},"35":{"start":{"line":97,"column":20},"end":{"line":97,"column":63}},"36":{"start":{"line":100,"column":20},"end":{"line":100,"column":37}},"37":{"start":{"line":105,"column":12},"end":{"line":105,"column":39}},"38":{"start":{"line":106,"column":12},"end":{"line":106,"column":49}},"39":{"start":{"line":107,"column":12},"end":{"line":107,"column":45}},"40":{"start":{"line":108,"column":12},"end":{"line":108,"column":35}},"41":{"start":{"line":109,"column":12},"end":{"line":126,"column":19}},"42":{"start":{"line":111,"column":20},"end":{"line":113,"column":54}},"43":{"start":{"line":113,"column":38},"end":{"line":113,"column":52}},"44":{"start":{"line":114,"column":20},"end":{"line":114,"column":62}},"45":{"start":{"line":115,"column":20},"end":{"line":115,"column":56}},"46":{"start":{"line":116,"column":20},"end":{"line":116,"column":35}},"47":{"start":{"line":119,"column":20},"end":{"line":119,"column":54}},"48":{"start":{"line":122,"column":20},"end":{"line":122,"column":64}},"49":{"start":{"line":125,"column":20},"end":{"line":125,"column":37}},"50":{"start":{"line":130,"column":12},"end":{"line":130,"column":49}},"51":{"start":{"line":131,"column":12},"end":{"line":147,"column":19}},"52":{"start":{"line":133,"column":20},"end":{"line":135,"column":75}},"53":{"start":{"line":135,"column":38},"end":{"line":135,"column":73}},"54":{"start":{"line":136,"column":20},"end":{"line":136,"column":54}},"55":{"start":{"line":137,"column":20},"end":{"line":137,"column":35}},"56":{"start":{"line":140,"column":20},"end":{"line":140,"column":54}},"57":{"start":{"line":143,"column":20},"end":{"line":143,"column":37}},"58":{"start":{"line":146,"column":20},"end":{"line":146,"column":37}},"59":{"start":{"line":151,"column":4},"end":{"line":151,"column":22}},"60":{"start":{"line":154,"column":0},"end":{"line":154,"column":26}}},"branchMap":{"1":{"line":23,"type":"binary-expr","locations":[{"start":{"line":23,"column":25},"end":{"line":23,"column":39}},{"start":{"line":23,"column":43},"end":{"line":23,"column":46}}]},"2":{"line":85,"type":"if","locations":[{"start":{"line":85,"column":20},"end":{"line":85,"column":20}},{"start":{"line":85,"column":20},"end":{"line":85,"column":20}}]}},"l":{"1":1,"3":1,"4":11,"6":1,"7":1,"14":1,"22":1,"23":1,"24":1,"25":1,"32":1,"41":1,"42":1,"44":1,"52":0,"53":0,"54":0,"61":0,"69":0,"70":0,"71":0,"73":0,"78":0,"79":0,"80":0,"81":0,"82":0,"83":0,"85":0,"86":0,"87":0,"89":0,"91":0,"94":0,"97":0,"100":0,"105":0,"106":0,"107":0,"108":0,"109":0,"111":0,"113":0,"114":0,"115":0,"116":0,"119":0,"122":0,"125":0,"130":0,"131":0,"133":0,"135":0,"136":0,"137":0,"140":0,"143":0,"146":0,"151":11,"154":1}},
"D:\\telerik\\Node.Js\\threeCodersInABoat\\app\\routers\\news.router\\index.js":{"path":"D:\\telerik\\Node.Js\\threeCodersInABoat\\app\\routers\\news.router\\index.js","s":{"1":1},"b":{},"f":{},"fnMap":{},"statementMap":{"1":{"start":{"line":1,"column":0},"end":{"line":1,"column":37}}},"branchMap":{},"l":{"1":1}},
"D:\\telerik\\Node.Js\\threeCodersInABoat\\app\\routers\\news.router\\router.js":{"path":"D:\\telerik\\Node.Js\\threeCodersInABoat\\app\\routers\\news.router\\router.js","s":{"1":1,"2":8,"3":8,"4":0,"5":0,"6":0,"7":0,"8":0,"9":1},"b":{"1":[0,0],"2":[0,0]},"f":{},"fnMap":{},"statementMap":{"1":{"start":{"line":1,"column":0},"end":{"line":23,"column":2}},"2":{"start":{"line":2,"column":4},"end":{"line":2,"column":58}},"3":{"start":{"line":3,"column":4},"end":{"line":22,"column":62}},"4":{"start":{"line":5,"column":12},"end":{"line":13,"column":13}},"5":{"start":{"line":6,"column":16},"end":{"line":10,"column":17}},"6":{"start":{"line":7,"column":20},"end":{"line":7,"column":76}},"7":{"start":{"line":9,"column":20},"end":{"line":9,"column":58}},"8":{"start":{"line":12,"column":16},"end":{"line":12,"column":65}},"9":{"start":{"line":25,"column":0},"end":{"line":27,"column":2}}},"branchMap":{"1":{"line":5,"type":"if","locations":[{"start":{"line":5,"column":12},"end":{"line":5,"column":12}},{"start":{"line":5,"column":12},"end":{"line":5,"column":12}}]},"2":{"line":6,"type":"if","locations":[{"start":{"line":6,"column":16},"end":{"line":6,"column":16}},{"start":{"line":6,"column":16},"end":{"line":6,"column":16}}]}},"l":{"1":1,"2":8,"3":8,"5":0,"6":0,"7":0,"9":0,"12":0,"25":1}},
"D:\\telerik\\Node.Js\\threeCodersInABoat\\app\\routers\\user.router\\controller.js":{"path":"D:\\telerik\\Node.Js\\threeCodersInABoat\\app\\routers\\user.router\\controller.js","s":{"1":1,"2":1,"3":1,"4":14,"5":1,"6":1,"7":1,"8":0,"9":0,"10":0,"11":1,"12":1,"13":1,"14":0,"15":0,"16":1,"17":1,"18":1,"19":0,"20":0,"21":3,"22":3,"23":0,"24":4,"25":1,"26":3,"27":1,"28":1,"29":1,"30":1,"31":1,"32":0,"33":0,"34":0,"35":0,"36":0,"37":0,"38":0,"39":0,"40":0,"41":0,"42":0,"43":14,"44":1},"b":{"1":[1,0],"2":[1,0],"3":[1,0],"4":[3,0],"5":[1,3]},"f":{"1":1,"2":1,"3":1,"4":3,"5":4,"6":1,"7":0,"8":0,"9":0},"fnMap":{"1":{"name":"(anonymous_1)","line":7,"loc":{"start":{"line":7,"column":19},"end":{"line":7,"column":36}}},"2":{"name":"(anonymous_2)","line":19,"loc":{"start":{"line":19,"column":19},"end":{"line":19,"column":36}}},"3":{"name":"(anonymous_3)","line":30,"loc":{"start":{"line":30,"column":20},"end":{"line":30,"column":37}}},"4":{"name":"(anonymous_4)","line":41,"loc":{"start":{"line":41,"column":30},"end":{"line":41,"column":47}}},"5":{"name":"(anonymous_5)","line":48,"loc":{"start":{"line":48,"column":27},"end":{"line":48,"column":44}}},"6":{"name":"(anonymous_6)","line":55,"loc":{"start":{"line":55,"column":16},"end":{"line":55,"column":27}}},"7":{"name":"(anonymous_7)","line":74,"loc":{"start":{"line":74,"column":13},"end":{"line":74,"column":24}}},"8":{"name":"(anonymous_8)","line":85,"loc":{"start":{"line":85,"column":16},"end":{"line":85,"column":27}}},"9":{"name":"(anonymous_9)","line":101,"loc":{"start":{"line":101,"column":14},"end":{"line":101,"column":25}}}},"statementMap":{"1":{"start":{"line":1,"column":0},"end":{"line":1,"column":42}},"2":{"start":{"line":2,"column":0},"end":{"line":2,"column":37}},"3":{"start":{"line":5,"column":0},"end":{"line":108,"column":2}},"4":{"start":{"line":6,"column":4},"end":{"line":106,"column":6}},"5":{"start":{"line":8,"column":12},"end":{"line":16,"column":19}},"6":{"start":{"line":10,"column":20},"end":{"line":12,"column":21}},"7":{"start":{"line":11,"column":24},"end":{"line":11,"column":38}},"8":{"start":{"line":13,"column":20},"end":{"line":13,"column":48}},"9":{"start":{"line":14,"column":20},"end":{"line":14,"column":58}},"10":{"start":{"line":15,"column":20},"end":{"line":15,"column":53}},"11":{"start":{"line":20,"column":12},"end":{"line":27,"column":19}},"12":{"start":{"line":22,"column":20},"end":{"line":24,"column":21}},"13":{"start":{"line":23,"column":24},"end":{"line":23,"column":38}},"14":{"start":{"line":25,"column":20},"end":{"line":25,"column":58}},"15":{"start":{"line":26,"column":20},"end":{"line":26,"column":50}},"16":{"start":{"line":31,"column":12},"end":{"line":38,"column":19}},"17":{"start":{"line":33,"column":20},"end":{"line":35,"column":21}},"18":{"start":{"line":34,"column":24},"end":{"line":34,"column":38}},"19":{"start":{"line":36,"column":20},"end":{"line":36,"column":58}},"20":{"start":{"line":37,"column":20},"end":{"line":37,"column":49}},"21":{"start":{"line":42,"column":12},"end":{"line":44,"column":13}},"22":{"start":{"line":43,"column":16},"end":{"line":43,"column":30}},"23":{"start":{"line":45,"column":12},"end":{"line":45,"column":37}},"24":{"start":{"line":49,"column":12},"end":{"line":51,"column":13}},"25":{"start":{"line":50,"column":16},"end":{"line":50,"column":30}},"26":{"start":{"line":52,"column":12},"end":{"line":52,"column":42}},"27":{"start":{"line":56,"column":12},"end":{"line":56,"column":60}},"28":{"start":{"line":57,"column":12},"end":{"line":71,"column":15}},"29":{"start":{"line":59,"column":16},"end":{"line":66,"column":28}},"30":{"start":{"line":69,"column":16},"end":{"line":69,"column":43}},"31":{"start":{"line":70,"column":16},"end":{"line":70,"column":49}},"32":{"start":{"line":75,"column":12},"end":{"line":82,"column":28}},"33":{"start":{"line":86,"column":12},"end":{"line":98,"column":15}},"34":{"start":{"line":88,"column":15},"end":{"line":88,"column":74}},"35":{"start":{"line":91,"column":16},"end":{"line":91,"column":49}},"36":{"start":{"line":92,"column":16},"end":{"line":92,"column":45}},"37":{"start":{"line":93,"column":16},"end":{"line":93,"column":46}},"38":{"start":{"line":96,"column":16},"end":{"line":96,"column":43}},"39":{"start":{"line":97,"column":16},"end":{"line":97,"column":45}},"40":{"start":{"line":102,"column":12},"end":{"line":102,"column":25}},"41":{"start":{"line":103,"column":12},"end":{"line":103,"column":58}},"42":{"start":{"line":104,"column":12},"end":{"line":104,"column":35}},"43":{"start":{"line":107,"column":4},"end":{"line":107,"column":22}},"44":{"start":{"line":109,"column":0},"end":{"line":109,"column":26}}},"branchMap":{"1":{"line":10,"type":"if","locations":[{"start":{"line":10,"column":20},"end":{"line":10,"column":20}},{"start":{"line":10,"column":20},"end":{"line":10,"column":20}}]},"2":{"line":22,"type":"if","locations":[{"start":{"line":22,"column":20},"end":{"line":22,"column":20}},{"start":{"line":22,"column":20},"end":{"line":22,"column":20}}]},"3":{"line":33,"type":"if","locations":[{"start":{"line":33,"column":20},"end":{"line":33,"column":20}},{"start":{"line":33,"column":20},"end":{"line":33,"column":20}}]},"4":{"line":42,"type":"if","locations":[{"start":{"line":42,"column":12},"end":{"line":42,"column":12}},{"start":{"line":42,"column":12},"end":{"line":42,"column":12}}]},"5":{"line":49,"type":"if","locations":[{"start":{"line":49,"column":12},"end":{"line":49,"column":12}},{"start":{"line":49,"column":12},"end":{"line":49,"column":12}}]}},"l":{"1":1,"2":1,"5":1,"6":14,"8":1,"10":1,"11":1,"13":0,"14":0,"15":0,"20":1,"22":1,"23":1,"25":0,"26":0,"31":1,"33":1,"34":1,"36":0,"37":0,"42":3,"43":3,"45":0,"49":4,"50":1,"52":3,"56":1,"57":1,"59":1,"69":1,"70":1,"75":0,"86":0,"88":0,"91":0,"92":0,"93":0,"96":0,"97":0,"102":0,"103":0,"104":0,"107":14,"109":1}},
"D:\\telerik\\Node.Js\\threeCodersInABoat\\app\\routers\\user.router\\index.js":{"path":"D:\\telerik\\Node.Js\\threeCodersInABoat\\app\\routers\\user.router\\index.js","s":{"1":1},"b":{},"f":{},"fnMap":{},"statementMap":{"1":{"start":{"line":1,"column":0},"end":{"line":1,"column":37}}},"branchMap":{},"l":{"1":1}},
"D:\\telerik\\Node.Js\\threeCodersInABoat\\app\\routers\\user.router\\router.js":{"path":"D:\\telerik\\Node.Js\\threeCodersInABoat\\app\\routers\\user.router\\router.js","s":{"1":1,"2":8,"3":8,"4":8,"5":1,"6":1,"7":0,"8":0,"9":0,"10":1},"b":{},"f":{},"fnMap":{},"statementMap":{"1":{"start":{"line":1,"column":0},"end":{"line":59,"column":2}},"2":{"start":{"line":2,"column":4},"end":{"line":2,"column":58}},"3":{"start":{"line":3,"column":4},"end":{"line":3,"column":61}},"4":{"start":{"line":5,"column":4},"end":{"line":29,"column":43}},"5":{"start":{"line":7,"column":12},"end":{"line":7,"column":71}},"6":{"start":{"line":10,"column":12},"end":{"line":10,"column":74}},"7":{"start":{"line":13,"column":12},"end":{"line":13,"column":41}},"8":{"start":{"line":16,"column":12},"end":{"line":16,"column":78}},"9":{"start":{"line":19,"column":12},"end":{"line":19,"column":38}},"10":{"start":{"line":61,"column":0},"end":{"line":63,"column":2}}},"branchMap":{},"l":{"1":1,"2":8,"3":8,"5":8,"7":1,"10":1,"13":0,"16":0,"19":0,"61":1}},
"D:\\telerik\\Node.Js\\threeCodersInABoat\\app\\routers\\validator\\index.js":{"path":"D:\\telerik\\Node.Js\\threeCodersInABoat\\app\\routers\\validator\\index.js","s":{"1":1,"2":1,"3":1,"4":1,"5":1,"6":1,"7":1,"8":1,"9":1,"10":1,"11":1,"12":1,"13":1,"14":1,"15":1,"16":1,"17":1},"b":{},"f":{},"fnMap":{},"statementMap":{"1":{"start":{"line":1,"column":0},"end":{"line":11,"column":2}},"2":{"start":{"line":2,"column":4},"end":{"line":2,"column":65}},"3":{"start":{"line":3,"column":4},"end":{"line":4,"column":41}},"4":{"start":{"line":5,"column":4},"end":{"line":5,"column":65}},"5":{"start":{"line":6,"column":4},"end":{"line":6,"column":187}},"6":{"start":{"line":7,"column":4},"end":{"line":7,"column":90}},"7":{"start":{"line":8,"column":4},"end":{"line":8,"column":65}},"8":{"start":{"line":10,"column":4},"end":{"line":10,"column":37}},"9":{"start":{"line":13,"column":0},"end":{"line":18,"column":2}},"10":{"start":{"line":14,"column":4},"end":{"line":14,"column":65}},"11":{"start":{"line":15,"column":4},"end":{"line":15,"column":65}},"12":{"start":{"line":17,"column":4},"end":{"line":17,"column":37}},"13":{"start":{"line":22,"column":0},"end":{"line":27,"column":2}},"14":{"start":{"line":23,"column":4},"end":{"line":23,"column":64}},"15":{"start":{"line":24,"column":4},"end":{"line":24,"column":65}},"16":{"start":{"line":26,"column":4},"end":{"line":26,"column":37}},"17":{"start":{"line":29,"column":0},"end":{"line":33,"column":2}}},"branchMap":{},"l":{"1":1,"2":1,"3":1,"5":1,"6":1,"7":1,"8":1,"10":1,"13":1,"14":1,"15":1,"17":1,"22":1,"23":1,"24":1,"26":1,"29":1}},
"D:\\telerik\\Node.Js\\threeCodersInABoat\\models\\news.js":{"path":"D:\\telerik\\Node.Js\\threeCodersInABoat\\models\\news.js","s":{"1":1},"b":{},"f":{},"fnMap":{},"statementMap":{"1":{"start":{"line":6,"column":0},"end":{"line":6,"column":21}}},"branchMap":{},"l":{"6":1}},
"D:\\telerik\\Node.Js\\threeCodersInABoat\\models\\user.js":{"path":"D:\\telerik\\Node.Js\\threeCodersInABoat\\models\\user.js","s":{"1":0,"2":1},"b":{},"f":{"1":0,"2":0},"fnMap":{"1":{"name":"(anonymous_1)","line":3,"loc":{"start":{"line":3,"column":18},"end":{"line":3,"column":26}}},"2":{"name":"(anonymous_2)","line":7,"loc":{"start":{"line":7,"column":10},"end":{"line":7,"column":13}}}},"statementMap":{"1":{"start":{"line":8,"column":8},"end":{"line":8,"column":24}},"2":{"start":{"line":12,"column":0},"end":{"line":12,"column":22}}},"branchMap":{},"l":{"8":0,"12":1}}}
