TN:
SF:C:\Users\User1\Desktop\threeCodersInABoat\data\data.js
FNF:0
FNH:0
DA:1,1
DA:2,1
DA:4,1
DA:5,8
DA:11,1
LF:5
LH:5
BRF:0
BRH:0
end_of_record
TN:
SF:C:\Users\User1\Desktop\threeCodersInABoat\data\index.js
FNF:0
FNH:0
DA:1,1
LF:1
LH:1
BRF:0
BRH:0
end_of_record
TN:
SF:C:\Users\User1\Desktop\threeCodersInABoat\data\news.data.js
FN:5,(anonymous_1)
FN:9,(anonymous_2)
FN:17,(anonymous_3)
FN:22,(anonymous_4)
FNF:4
FNH:4
FNDA:11,(anonymous_1)
FNDA:2,(anonymous_2)
FNDA:2,(anonymous_3)
FNDA:1,(anonymous_4)
DA:1,1
DA:2,1
DA:6,11
DA:10,2
DA:18,2
DA:23,1
DA:27,1
LF:7
LH:7
BRF:0
BRH:0
end_of_record
TN:
SF:C:\Users\User1\Desktop\threeCodersInABoat\data\users.data.js
FN:9,(anonymous_1)
FN:13,(anonymous_2)
FN:41,(anonymous_3)
FN:53,(anonymous_4)
FNF:4
FNH:4
FNDA:16,(anonymous_1)
FNDA:3,(anonymous_2)
FNDA:2,(anonymous_3)
FNDA:3,(anonymous_4)
DA:1,1
DA:2,1
DA:3,1
DA:4,1
DA:5,1
DA:10,16
DA:14,3
DA:16,3
DA:17,1
DA:18,1
DA:20,2
DA:23,2
DA:24,1
DA:25,1
DA:27,1
DA:30,1
DA:37,1
DA:42,2
DA:46,2
DA:47,1
DA:49,1
DA:54,3
DA:56,3
DA:57,3
DA:58,1
DA:59,1
DA:61,2
DA:62,1
DA:64,1
DA:69,1
LF:30
LH:30
BRDA:16,1,0,1
BRDA:16,1,1,2
BRDA:23,2,0,1
BRDA:23,2,1,1
BRDA:46,3,0,1
BRDA:46,3,1,1
BRDA:57,4,0,1
BRDA:57,4,1,2
BRDA:57,5,0,3
BRDA:57,5,1,1
BRDA:61,6,0,1
BRDA:61,6,1,1
BRF:12
BRH:12
end_of_record
TN:
SF:C:\Users\User1\Desktop\threeCodersInABoat\data\base\base.data.js
FN:2,(anonymous_1)
FN:9,(anonymous_2)
FN:13,(anonymous_3)
FN:17,(anonymous_4)
FN:24,(anonymous_5)
FN:28,(anonymous_6)
FN:32,(anonymous_7)
FN:39,(anonymous_8)
FNF:8
FNH:8
FNDA:33,(anonymous_1)
FNDA:1,(anonymous_2)
FNDA:1,(anonymous_3)
FNDA:2,(anonymous_4)
FNDA:11,(anonymous_5)
FNDA:3,(anonymous_6)
FNDA:1,(anonymous_7)
FNDA:33,(anonymous_8)
DA:3,33
DA:4,33
DA:5,33
DA:6,33
DA:10,1
DA:14,1
DA:18,2
DA:20,2
DA:25,11
DA:29,3
DA:33,1
DA:34,1
DA:40,33
DA:44,1
LF:14
LH:14
BRF:0
BRH:0
end_of_record
TN:
SF:C:\Users\User1\Desktop\threeCodersInABoat\app\routers\index.js
FNF:0
FNH:0
DA:1,1
LF:1
LH:1
BRF:0
BRH:0
end_of_record
TN:
SF:C:\Users\User1\Desktop\threeCodersInABoat\app\routers\routers.js
FNF:0
FNH:0
DA:2,1
DA:3,1
DA:5,1
DA:7,8
DA:8,48
DA:10,24
DA:11,24
DA:13,8
DA:14,0
DA:18,1
LF:10
LH:9
BRF:0
BRH:0
end_of_record
TN:
SF:C:\Users\User1\Desktop\threeCodersInABoat\app\routers\general.router\controller.js
FN:4,(anonymous_1)
FN:11,(anonymous_2)
FN:26,(anonymous_3)
FN:30,(anonymous_4)
FNF:4
FNH:2
FNDA:0,(anonymous_1)
FNDA:2,(anonymous_2)
FNDA:3,(anonymous_3)
FNDA:0,(anonymous_4)
DA:1,1
DA:2,10
DA:5,0
DA:6,0
DA:8,0
DA:12,2
DA:19,2
DA:20,2
DA:22,2
DA:27,3
DA:31,0
DA:32,0
DA:33,0
DA:36,10
DA:39,1
LF:15
LH:9
BRDA:5,1,0,0
BRDA:5,1,1,0
BRF:2
BRH:0
end_of_record
TN:
SF:C:\Users\User1\Desktop\threeCodersInABoat\app\routers\general.router\index.js
FNF:0
FNH:0
DA:1,1
LF:1
LH:1
BRF:0
BRH:0
end_of_record
TN:
SF:C:\Users\User1\Desktop\threeCodersInABoat\app\routers\general.router\router.js
FNF:0
FNH:0
DA:1,1
DA:2,8
DA:3,8
DA:8,1
LF:4
LH:4
BRF:0
BRH:0
end_of_record
TN:
SF:C:\Users\User1\Desktop\threeCodersInABoat\app\routers\news.router\controller.js
FN:5,(anonymous_1)
FN:21,(anonymous_2)
FN:40,(anonymous_3)
FN:51,(anonymous_4)
FN:68,(anonymous_5)
FN:77,(anonymous_6)
FN:104,(anonymous_7)
FN:129,(anonymous_8)
FNF:8
FNH:3
FNDA:1,(anonymous_1)
FNDA:1,(anonymous_2)
FNDA:1,(anonymous_3)
FNDA:0,(anonymous_4)
FNDA:0,(anonymous_5)
FNDA:0,(anonymous_6)
FNDA:0,(anonymous_7)
FNDA:0,(anonymous_8)
DA:1,1
DA:3,1
DA:4,11
DA:6,1
DA:7,1
DA:14,1
DA:22,1
DA:23,1
DA:24,1
DA:25,1
DA:32,1
DA:41,1
DA:42,1
DA:44,1
DA:52,0
DA:53,0
DA:54,0
DA:61,0
DA:69,0
DA:70,0
DA:71,0
DA:73,0
DA:78,0
DA:79,0
DA:80,0
DA:81,0
DA:82,0
DA:83,0
DA:85,0
DA:86,0
DA:87,0
DA:89,0
DA:91,0
DA:94,0
DA:97,0
DA:100,0
DA:105,0
DA:106,0
DA:107,0
DA:108,0
DA:109,0
DA:111,0
DA:113,0
DA:114,0
DA:115,0
DA:116,0
DA:119,0
DA:122,0
DA:125,0
DA:130,0
DA:131,0
DA:133,0
DA:135,0
DA:136,0
DA:137,0
DA:140,0
DA:143,0
DA:146,0
DA:151,11
DA:154,1
LF:60
LH:16
BRDA:23,1,0,1
BRDA:23,1,1,0
BRDA:85,2,0,0
BRDA:85,2,1,0
BRF:4
BRH:1
end_of_record
TN:
SF:C:\Users\User1\Desktop\threeCodersInABoat\app\routers\news.router\index.js
FNF:0
FNH:0
DA:1,1
LF:1
LH:1
BRF:0
BRH:0
end_of_record
TN:
SF:C:\Users\User1\Desktop\threeCodersInABoat\app\routers\news.router\router.js
FNF:0
FNH:0
DA:1,1
DA:2,8
DA:3,8
DA:5,0
DA:6,0
DA:7,0
DA:9,0
DA:12,0
DA:25,1
LF:9
LH:4
BRDA:5,1,0,0
BRDA:5,1,1,0
BRDA:6,2,0,0
BRDA:6,2,1,0
BRF:4
BRH:0
end_of_record
TN:
SF:C:\Users\User1\Desktop\threeCodersInABoat\app\routers\user.router\controller.js
FN:7,(anonymous_1)
FN:18,(anonymous_2)
FN:29,(anonymous_3)
FN:40,(anonymous_4)
FN:47,(anonymous_5)
FN:54,(anonymous_6)
FN:73,(anonymous_7)
FN:84,(anonymous_8)
FN:100,(anonymous_9)
FNF:9
FNH:2
FNDA:0,(anonymous_1)
FNDA:0,(anonymous_2)
FNDA:0,(anonymous_3)
FNDA:2,(anonymous_4)
FNDA:3,(anonymous_5)
FNDA:0,(anonymous_6)
FNDA:0,(anonymous_7)
FNDA:0,(anonymous_8)
FNDA:0,(anonymous_9)
DA:1,1
DA:2,1
DA:5,1
DA:6,8
DA:8,0
DA:10,0
DA:11,0
DA:13,0
DA:14,0
DA:19,0
DA:21,0
DA:22,0
DA:24,0
DA:25,0
DA:30,0
DA:32,0
DA:33,0
DA:35,0
DA:36,0
DA:41,2
DA:42,2
DA:44,0
DA:48,3
DA:49,0
DA:51,3
DA:55,0
DA:56,0
DA:58,0
DA:68,0
DA:69,0
DA:74,0
DA:85,0
DA:87,0
DA:90,0
DA:91,0
DA:92,0
DA:95,0
DA:96,0
DA:101,0
DA:102,0
DA:103,0
DA:106,8
DA:108,1
LF:43
LH:10
BRDA:10,1,0,0
BRDA:10,1,1,0
BRDA:21,2,0,0
BRDA:21,2,1,0
BRDA:32,3,0,0
BRDA:32,3,1,0
BRDA:41,4,0,2
BRDA:41,4,1,0
BRDA:48,5,0,0
BRDA:48,5,1,3
BRF:10
BRH:2
end_of_record
TN:
SF:C:\Users\User1\Desktop\threeCodersInABoat\app\routers\user.router\index.js
FNF:0
FNH:0
DA:1,1
LF:1
LH:1
BRF:0
BRH:0
end_of_record
TN:
SF:C:\Users\User1\Desktop\threeCodersInABoat\app\routers\user.router\router.js
FNF:0
FNH:0
DA:1,1
DA:2,8
DA:3,8
DA:5,8
DA:7,1
DA:10,1
DA:13,0
DA:16,0
DA:19,0
DA:61,1
LF:10
LH:7
BRF:0
BRH:0
end_of_record
TN:
SF:C:\Users\User1\Desktop\threeCodersInABoat\app\routers\validator\index.js
FNF:0
FNH:0
DA:1,1
DA:2,0
DA:3,0
DA:5,0
DA:6,0
DA:7,0
DA:8,0
DA:10,0
DA:13,1
DA:14,0
DA:15,0
DA:17,0
DA:22,1
DA:23,0
DA:24,0
DA:26,0
DA:29,1
LF:17
LH:4
BRF:0
BRH:0
end_of_record
TN:
SF:C:\Users\User1\Desktop\threeCodersInABoat\models\news.js
FNF:0
FNH:0
DA:6,1
LF:1
LH:1
BRF:0
BRH:0
end_of_record
TN:
SF:C:\Users\User1\Desktop\threeCodersInABoat\models\user.js
FN:3,(anonymous_1)
FN:7,(anonymous_2)
FNF:2
FNH:0
FNDA:0,(anonymous_1)
FNDA:0,(anonymous_2)
DA:8,0
DA:12,1
LF:2
LH:1
BRF:0
BRH:0
end_of_record
